==================================================
Experiment : 6
Epsilon:0.00137
Attack: BasicIterativeMethod
==================================================
Classifier with original training
Accuracy on clean test samples: 86.15%
==================================================
Craft attack on training examples
Creating adversarial samples.
Success rate of attack: 1.82%
==================================================
Craft attack test examples
Creating adversarial samples.
Success rate of attack: 2.03%
==================================================
Classifier before adversarial training
Accuracy on adversarial samples: 85.92%
==================================================
Classifier with adversarial training
Accuracy on adversarial test samples: 85.93%
==================================================
Classifier with adversarial training
Accuracy on clean test samples: 86.06%
==================================================
