==================================================
Experiment : 5
Epsilon:0.03
Attack: BasicIterativeMethod
==================================================
Classifier with original training
Accuracy on clean test samples: 86.15%
==================================================
Craft attack on training examples
Creating adversarial samples.
Success rate of attack: 33.08%
==================================================
Craft attack test examples
Creating adversarial samples.
Success rate of attack: 35.18%
==================================================
Classifier before adversarial training
Accuracy on adversarial samples: 65.40%
==================================================
Classifier with adversarial training
Accuracy on adversarial test samples: 84.05%
==================================================
Classifier with adversarial training
Accuracy on clean test samples: 81.48%
==================================================
