==================================================
Experiment : 7
Epsilon:0.00137
Attack: ProjectedGradientDescent
==================================================
Classifier with original training
Accuracy on clean test samples: 86.15%
==================================================
Craft attack on training examples
Creating adversarial samples.
Success rate of attack: 1.84%
==================================================
Craft attack test examples
Creating adversarial samples.
Success rate of attack: 2.05%
==================================================
Classifier before adversarial training
Accuracy on adversarial samples: 85.91%
==================================================
Classifier with adversarial training
Accuracy on adversarial test samples: 86.24%
==================================================
Classifier with adversarial training
Accuracy on clean test samples: 86.23%
==================================================
