
==================================================
Experiment : 3
Epsilon:0.03
Attack: ProjectedGradientDescent
==================================================
Classifier with original training
Accuracy on clean test samples: 86.15%
==================================================
Craft attack on training examples
Creating adversarial samples.
Success rate of attack: 35.49%
==================================================
Craft attack test examples
Creating adversarial samples.
Success rate of attack: 37.33%
==================================================
Classifier before adversarial training
Accuracy on adversarial samples: 64.08%
==================================================
Classifier with adversarial training
Accuracy on adversarial test samples: 84.16%
==================================================
Classifier with adversarial training
Accuracy on clean test samples: 83.46%
==================================================
